190305 193603.443|CONFIG|main|setFileHandlers|Now logging to D:\dev\Contest_3\pc2Client\bin\logs directory.
190305 193603.447|INFO|main|info|
190305 193603.460|INFO|main|info|Version 9.6.0 20190102 (Wednesday, January 2nd 2019 01:20 UTC) Java ver 1.8.0_202 build 5102 Windows 10 10.0 (x86) 
190305 193603.460|INFO|main|startLog|Working directory is D:\dev\Contest_3\pc2Client\bin
190305 193603.545|INFO|main|startLog|Process id is 6180@DESKTOP-TEIUP5U
190305 193603.545|INFO|main|start|Starting ConnectionManager...
190305 193606.720|INFO|main|start|Started ConnectionManager
190305 193606.734|INFO|main|setClientServerAndPort|INIFile File location: file:/D:/dev/Contest_3/pc2Client/bin/pc2v9.ini
190305 193606.762|INFO|main|setClientServerAndPort|setClientServerAndPort 203.162.88.119 parsed as 203.162.88.119 port 50002
190305 193606.764|INFO|main|info|Contacting server at 203.162.88.119:50002
190305 193606.767|INFO|main|connectToMyServer|Connecting to 203.162.88.119:50002
190305 193607.453|INFO|Thread-1|receiveUnencrypted|receiveUnencrypted(TransportWrapper, ConnectionHandlerID=Socket[addr=/203.162.88.119,port=50002,localport=49985]-136196998943790740)
190305 193608.184|INFO|Thread-1|receiveUnencrypted|receiveUnencrypted Made a secret key for Socket[addr=/203.162.88.119,port=50002,localport=49985]-136196998943790740 key is com.sun.crypto.provider.DESKey@fffe7bb4
190305 193608.188|INFO|Thread-1|getPublicKeyPacket|Generating Unencrypted Public Key Packet
190305 193608.188|INFO|Thread-1|getPublicKeyPacket|checking key:= SunJCE Diffie-Hellman Public Key:
y:
    bafbc6dc 43963e56 555fb515 2367205c 2a88b491 50786971 99ebc1f9 d57cd8b7
    524bdc34 f83a4e94 82fd214c 2140b0f0 b45a8c4f ca71d62a e7f8f256 9466836b
    010beb1f 88f60044 6d41807e db7e36ae ff7b1508 3430e056 b87236a2 27f4e966
    b51f4858 36c1ac25 c7a9eaaf 231a29ca e44b4490 cbb88734 8c0432d6 523c31fe
p:
    f488fd58 4e49dbcd 20b49de4 9107366b 336c380d 451d0f7c 88b31c7c 5b2d8ef6
    f3c923c0 43f0a55b 188d8ebb 558cb85d 38d334fd 7c175743 a31d186c de33212c
    b52aff3c e1b12940 18118d7c 84a70a72 d686c403 19c80729 7aca950c d9969fab
    d00a509b 0246d308 3d66a45d 419f9c7c bd894b22 1926baab a25ec355 e92f78c7
g:
    02
l:
    512
190305 193608.188|INFO|Thread-1|getPublicKeyPacket|packet:= edu.csus.ecs.pc2.core.transport.TransportWrapper@7f2c02
190305 195731.347|INFO|Thread-1|receive|Exception in receive for Socket[addr=/203.162.88.119,port=50002,localport=49985]-136196998943790740
|java.net.SocketTimeoutException: Read timed out
|    at java.net.SocketInputStream.socketRead0 (Unknown Source)
|    at java.net.SocketInputStream.socketRead (Unknown Source)
|    at java.net.SocketInputStream.read (Unknown Source)
|    at java.net.SocketInputStream.read (Unknown Source)
|    at java.net.SocketInputStream.read (Unknown Source)
|    at java.io.ObjectInputStream$PeekInputStream.peek (Unknown Source)
|    at java.io.ObjectInputStream$BlockDataInputStream.peek (Unknown Source)
|    at java.io.ObjectInputStream$BlockDataInputStream.peekByte (Unknown Source)
|    at java.io.ObjectInputStream.readObject0 (Unknown Source)
|    at java.io.ObjectInputStream.readObject (Unknown Source)
|    at edu.csus.ecs.pc2.core.transport.ConnectionHandlerThread.receive (ConnectionHandlerThread.java:151)
|    at edu.csus.ecs.pc2.core.transport.ConnectionHandlerClientThread.run (ConnectionHandlerClientThread.java:65)
190305 195731.347|FINER|Thread-1|run|THROW
|edu.csus.ecs.pc2.core.transport.TransportException: Read timed out
|    at edu.csus.ecs.pc2.core.transport.ConnectionHandlerThread.receive (ConnectionHandlerThread.java:161)
|    at edu.csus.ecs.pc2.core.transport.ConnectionHandlerClientThread.run (ConnectionHandlerClientThread.java:65)
190305 195731.347|INFO|Thread-1|receive|SocketException in receive for Socket[addr=/203.162.88.119,port=50002,localport=49985]-136196998943790740
|java.net.SocketException: Connection reset
|    at java.net.SocketInputStream.read (Unknown Source)
|    at java.net.SocketInputStream.read (Unknown Source)
|    at java.net.SocketInputStream.read (Unknown Source)
|    at java.io.ObjectInputStream$PeekInputStream.peek (Unknown Source)
|    at java.io.ObjectInputStream$BlockDataInputStream.peek (Unknown Source)
|    at java.io.ObjectInputStream$BlockDataInputStream.peekByte (Unknown Source)
|    at java.io.ObjectInputStream.readObject0 (Unknown Source)
|    at java.io.ObjectInputStream.readObject (Unknown Source)
|    at edu.csus.ecs.pc2.core.transport.ConnectionHandlerThread.receive (ConnectionHandlerThread.java:151)
|    at edu.csus.ecs.pc2.core.transport.ConnectionHandlerClientThread.run (ConnectionHandlerClientThread.java:65)
190305 195731.347|FINER|Thread-1|run|THROW
|edu.csus.ecs.pc2.core.transport.TransportException: Connection reset
|    at edu.csus.ecs.pc2.core.transport.ConnectionHandlerThread.receive (ConnectionHandlerThread.java:155)
|    at edu.csus.ecs.pc2.core.transport.ConnectionHandlerClientThread.run (ConnectionHandlerClientThread.java:65)
