190324 193941.230|CONFIG|AWT-EventQueue-0|setFileHandlers|Now logging to D:\dev\Contest_3\pc2Client\bin\logs directory.
190324 193941.231|INFO|AWT-EventQueue-0|info|
190324 193941.231|INFO|AWT-EventQueue-0|info|Version 9.6.0 20190102 (Wednesday, January 2nd 2019 01:20 UTC) Java ver 1.8.0_202 build 5102 Windows 10 10.0 (x86) 
190324 193941.231|INFO|AWT-EventQueue-0|info|Login: 211 (aka team211)
190324 193941.231|INFO|AWT-EventQueue-0|startLog|Working directory is D:\dev\Contest_3\pc2Client\bin
190324 193941.232|INFO|AWT-EventQueue-0|startLog|Process id is 10844@DESKTOP-TEIUP5U
190324 193941.232|INFO|AWT-EventQueue-0|info|Contacting server at 203.162.88.119:50002 as TEAM211 @ site 0
190324 193941.233|INFO|AWT-EventQueue-0|info|sendLoginRequest start - sending from TEAM211 @ site 0
190324 193941.233|INFO|AWT-EventQueue-0|sendToLocalServer|Sending packet to server Packet[LOGIN_REQUEST] #2 TEAM211 @ site 0 -> SERVER0 @ site 0
190324 193941.233|INFO|AWT-EventQueue-0|sendToLocalServer|Sent    packet to server Packet[LOGIN_REQUEST] #2 TEAM211 @ site 0 -> SERVER0 @ site 0
190324 193941.234|INFO|AWT-EventQueue-0|info|sendLoginRequest end - packet sent.
190324 193941.234|INFO|Thread-6|run|send(Serializable)
190324 193941.499|INFO|Thread-1|receive|public void receive(SealedObject TransportPacket, ConnectionHandlerID connectionHandlerID)
190324 193941.585|INFO|Thread-7|info| receiveObject(S) start got Packet[LOGIN_SUCCESS] #34178 SERVER0 @ site 1 -> TEAM211 @ site 1
190324 193941.585|INFO|Thread-7|dumpPacket|Packet LOGIN_SUCCESS (Seq #34178, o#34178 ) recieveObject
190324 193941.585|INFO|Thread-7|dumpPacket|  From: SERVER0 @ site 1, oSERVER0 @ site 1 (99-HN-KhoaCNTT-ACM1 @ 10.99.3.97) (Contest Id: Default--3370230833862003074)
190324 193941.586|INFO|Thread-7|dumpPacket|    To: TEAM211 @ site 1
190324 193941.586|INFO|Thread-7|dumpPacket|   key: CLARIFICATION_LIST is: [Ledu.csus.ecs.pc2.core.model.Clarification; [Ledu.csus.ecs.pc2.core.model.Clarification;@19479a2
190324 193941.586|INFO|Thread-7|dumpPacket|   key: JUDGEMENT_LIST is: [Ledu.csus.ecs.pc2.core.model.Judgement; [Ledu.csus.ecs.pc2.core.model.Judgement;@1539d60
190324 193941.586|INFO|Thread-7|dumpPacket|   key: GENERAL_PROBLEM is: edu.csus.ecs.pc2.core.model.Problem General
190324 193941.586|INFO|Thread-7|dumpPacket|   key: LANGUAGE_LIST is: [Ledu.csus.ecs.pc2.core.model.Language; [Ledu.csus.ecs.pc2.core.model.Language;@16c12d2
190324 193941.587|INFO|Thread-7|dumpPacket|   key: SITE_LIST is: [Ledu.csus.ecs.pc2.core.model.Site; [Ledu.csus.ecs.pc2.core.model.Site;@6e975b
190324 193941.587|INFO|Thread-7|dumpPacket|   key: GROUP_LIST is: [Ledu.csus.ecs.pc2.core.model.Group; [Ledu.csus.ecs.pc2.core.model.Group;@41a4dd
190324 193941.587|INFO|Thread-7|dumpPacket|   key: CONTEST_TIME_LIST is: [Ledu.csus.ecs.pc2.core.model.ContestTime; [Ledu.csus.ecs.pc2.core.model.ContestTime;@13e8ca8
190324 193941.588|INFO|Thread-7|dumpPacket|   key: CONTEST_INFORMATION is: edu.csus.ecs.pc2.core.model.ContestInformation edu.csus.ecs.pc2.core.model.ContestInformation@fbe19f
190324 193941.588|INFO|Thread-7|dumpPacket|   key: CONTEST_TIME is: edu.csus.ecs.pc2.core.model.ContestTime edu.csus.ecs.pc2.core.model.ContestTime@416814
190324 193941.588|INFO|Thread-7|dumpPacket|   key: REMOTE_LOGGED_IN_USERS is: [Ledu.csus.ecs.pc2.core.model.ClientId; [Ledu.csus.ecs.pc2.core.model.ClientId;@1475ccd
190324 193941.588|INFO|Thread-7|dumpPacket|   key: CONNECTION_HANDLE_ID_LIST is: [Ledu.csus.ecs.pc2.core.transport.ConnectionHandlerID; [Ledu.csus.ecs.pc2.core.transport.ConnectionHandlerID;@43d8c1
190324 193941.588|INFO|Thread-7|dumpPacket|   key: BALLOON_SETTINGS_LIST is: [Ledu.csus.ecs.pc2.core.model.BalloonSettings; [Ledu.csus.ecs.pc2.core.model.BalloonSettings;@1ff2ecf
190324 193941.588|INFO|Thread-7|dumpPacket|   key: PROFILE is: edu.csus.ecs.pc2.core.model.Profile Default--8242708454917427051
190324 193941.588|INFO|Thread-7|dumpPacket|   key: RUN_LIST is: [Ledu.csus.ecs.pc2.core.model.Run; [Ledu.csus.ecs.pc2.core.model.Run;@ff6ec
190324 193941.588|INFO|Thread-7|dumpPacket|   key: PROFILE_LIST is: [Ledu.csus.ecs.pc2.core.model.Profile; [Ledu.csus.ecs.pc2.core.model.Profile;@10f6cd4
190324 193941.589|INFO|Thread-7|dumpPacket|   key: LOCAL_LOGGED_IN_USERS is: [Ledu.csus.ecs.pc2.core.model.ClientId; [Ledu.csus.ecs.pc2.core.model.ClientId;@1502224
190324 193941.589|INFO|Thread-7|dumpPacket|   key: ACCOUNT_ARRAY is: [Ledu.csus.ecs.pc2.core.model.Account; [Ledu.csus.ecs.pc2.core.model.Account;@1affd17
190324 193941.589|INFO|Thread-7|dumpPacket|   key: CLIENT_SETTINGS_LIST is: [Ledu.csus.ecs.pc2.core.model.ClientSettings; [Ledu.csus.ecs.pc2.core.model.ClientSettings;@16dd18
190324 193941.589|INFO|Thread-7|dumpPacket|   key: SITE_NUMBER is: java.lang.Integer 1
190324 193941.590|INFO|Thread-7|dumpPacket|   key: SERVER_CLOCK_OFFSET is: java.util.GregorianCalendar java.util.GregorianCalendar[time=1553431181737,areFieldsSet=true,areAllFieldsSet=false,lenient=true,zone=sun.util.calendar.ZoneInfo[id="GMT",offset=0,dstSavings=0,useDaylight=false,transitions=0,lastRule=null],firstDayOfWeek=1,minimalDaysInFirstWeek=1,ERA=1,YEAR=2019,MONTH=2,WEEK_OF_YEAR=13,WEEK_OF_MONTH=5,DAY_OF_MONTH=24,DAY_OF_YEAR=83,DAY_OF_WEEK=1,DAY_OF_WEEK_IN_MONTH=4,AM_PM=1,HOUR=0,HOUR_OF_DAY=12,MINUTE=39,SECOND=41,MILLISECOND=737,ZONE_OFFSET=0,DST_OFFSET=0]
190324 193941.590|INFO|Thread-7|dumpPacket|   key: CATEGORY_LIST is: [Ledu.csus.ecs.pc2.core.model.Category; [Ledu.csus.ecs.pc2.core.model.Category;@db7642
190324 193941.590|INFO|Thread-7|dumpPacket|   key: PROBLEM_DATA_FILES is: [Ledu.csus.ecs.pc2.core.model.ProblemDataFiles; [Ledu.csus.ecs.pc2.core.model.ProblemDataFiles;@1e2fbf
190324 193941.590|INFO|Thread-7|dumpPacket|   key: CONTEST_IDENTIFIER is: java.lang.String Default--3370230833862003074
190324 193941.591|INFO|Thread-7|dumpPacket|   key: CLIENT_ID is: edu.csus.ecs.pc2.core.model.ClientId TEAM211 @ site 1
190324 193941.591|INFO|Thread-7|dumpPacket|   key: PROBLEM_LIST is: [Ledu.csus.ecs.pc2.core.model.Problem; [Ledu.csus.ecs.pc2.core.model.Problem;@5527ae
190324 193941.591|INFO|Thread-7|info|handlePacket start Packet[LOGIN_SUCCESS] #34178 SERVER0 @ site 1 -> TEAM211 @ site 1
190324 193941.591|INFO|Thread-7|dumpPacket|Packet LOGIN_SUCCESS (Seq #34178, o#34178 ) handlePacket
190324 193941.591|INFO|Thread-7|dumpPacket|  From: SERVER0 @ site 1, oSERVER0 @ site 1 (99-HN-KhoaCNTT-ACM1 @ 10.99.3.97) (Contest Id: Default--3370230833862003074)
190324 193941.591|INFO|Thread-7|dumpPacket|    To: TEAM211 @ site 1
190324 193941.591|INFO|Thread-7|dumpPacket|   key: CLARIFICATION_LIST is: [Ledu.csus.ecs.pc2.core.model.Clarification; [Ledu.csus.ecs.pc2.core.model.Clarification;@19479a2
190324 193941.591|INFO|Thread-7|dumpPacket|   key: JUDGEMENT_LIST is: [Ledu.csus.ecs.pc2.core.model.Judgement; [Ledu.csus.ecs.pc2.core.model.Judgement;@1539d60
190324 193941.592|INFO|Thread-7|dumpPacket|   key: GENERAL_PROBLEM is: edu.csus.ecs.pc2.core.model.Problem General
190324 193941.592|INFO|Thread-7|dumpPacket|   key: LANGUAGE_LIST is: [Ledu.csus.ecs.pc2.core.model.Language; [Ledu.csus.ecs.pc2.core.model.Language;@16c12d2
190324 193941.592|INFO|Thread-7|dumpPacket|   key: SITE_LIST is: [Ledu.csus.ecs.pc2.core.model.Site; [Ledu.csus.ecs.pc2.core.model.Site;@6e975b
190324 193941.592|INFO|Thread-7|dumpPacket|   key: GROUP_LIST is: [Ledu.csus.ecs.pc2.core.model.Group; [Ledu.csus.ecs.pc2.core.model.Group;@41a4dd
190324 193941.592|INFO|Thread-7|dumpPacket|   key: CONTEST_TIME_LIST is: [Ledu.csus.ecs.pc2.core.model.ContestTime; [Ledu.csus.ecs.pc2.core.model.ContestTime;@13e8ca8
190324 193941.592|INFO|Thread-7|dumpPacket|   key: CONTEST_INFORMATION is: edu.csus.ecs.pc2.core.model.ContestInformation edu.csus.ecs.pc2.core.model.ContestInformation@fbe19f
190324 193941.592|INFO|Thread-7|dumpPacket|   key: CONTEST_TIME is: edu.csus.ecs.pc2.core.model.ContestTime edu.csus.ecs.pc2.core.model.ContestTime@416814
190324 193941.593|INFO|Thread-7|dumpPacket|   key: REMOTE_LOGGED_IN_USERS is: [Ledu.csus.ecs.pc2.core.model.ClientId; [Ledu.csus.ecs.pc2.core.model.ClientId;@1475ccd
190324 193941.593|INFO|Thread-7|dumpPacket|   key: CONNECTION_HANDLE_ID_LIST is: [Ledu.csus.ecs.pc2.core.transport.ConnectionHandlerID; [Ledu.csus.ecs.pc2.core.transport.ConnectionHandlerID;@43d8c1
190324 193941.593|INFO|Thread-7|dumpPacket|   key: BALLOON_SETTINGS_LIST is: [Ledu.csus.ecs.pc2.core.model.BalloonSettings; [Ledu.csus.ecs.pc2.core.model.BalloonSettings;@1ff2ecf
190324 193941.593|INFO|Thread-7|dumpPacket|   key: PROFILE is: edu.csus.ecs.pc2.core.model.Profile Default--8242708454917427051
190324 193941.593|INFO|Thread-7|dumpPacket|   key: RUN_LIST is: [Ledu.csus.ecs.pc2.core.model.Run; [Ledu.csus.ecs.pc2.core.model.Run;@ff6ec
190324 193941.593|INFO|Thread-7|dumpPacket|   key: PROFILE_LIST is: [Ledu.csus.ecs.pc2.core.model.Profile; [Ledu.csus.ecs.pc2.core.model.Profile;@10f6cd4
190324 193941.594|INFO|Thread-7|dumpPacket|   key: LOCAL_LOGGED_IN_USERS is: [Ledu.csus.ecs.pc2.core.model.ClientId; [Ledu.csus.ecs.pc2.core.model.ClientId;@1502224
190324 193941.594|INFO|Thread-7|dumpPacket|   key: ACCOUNT_ARRAY is: [Ledu.csus.ecs.pc2.core.model.Account; [Ledu.csus.ecs.pc2.core.model.Account;@1affd17
190324 193941.594|INFO|Thread-7|dumpPacket|   key: CLIENT_SETTINGS_LIST is: [Ledu.csus.ecs.pc2.core.model.ClientSettings; [Ledu.csus.ecs.pc2.core.model.ClientSettings;@16dd18
190324 193941.594|INFO|Thread-7|dumpPacket|   key: SITE_NUMBER is: java.lang.Integer 1
190324 193941.594|INFO|Thread-7|dumpPacket|   key: SERVER_CLOCK_OFFSET is: java.util.GregorianCalendar java.util.GregorianCalendar[time=1553431181737,areFieldsSet=true,areAllFieldsSet=false,lenient=true,zone=sun.util.calendar.ZoneInfo[id="GMT",offset=0,dstSavings=0,useDaylight=false,transitions=0,lastRule=null],firstDayOfWeek=1,minimalDaysInFirstWeek=1,ERA=1,YEAR=2019,MONTH=2,WEEK_OF_YEAR=13,WEEK_OF_MONTH=5,DAY_OF_MONTH=24,DAY_OF_YEAR=83,DAY_OF_WEEK=1,DAY_OF_WEEK_IN_MONTH=4,AM_PM=1,HOUR=0,HOUR_OF_DAY=12,MINUTE=39,SECOND=41,MILLISECOND=737,ZONE_OFFSET=0,DST_OFFSET=0]
190324 193941.594|INFO|Thread-7|dumpPacket|   key: CATEGORY_LIST is: [Ledu.csus.ecs.pc2.core.model.Category; [Ledu.csus.ecs.pc2.core.model.Category;@db7642
190324 193941.594|INFO|Thread-7|dumpPacket|   key: PROBLEM_DATA_FILES is: [Ledu.csus.ecs.pc2.core.model.ProblemDataFiles; [Ledu.csus.ecs.pc2.core.model.ProblemDataFiles;@1e2fbf
190324 193941.595|INFO|Thread-7|dumpPacket|   key: CONTEST_IDENTIFIER is: java.lang.String Default--3370230833862003074
190324 193941.595|INFO|Thread-7|dumpPacket|   key: CLIENT_ID is: edu.csus.ecs.pc2.core.model.ClientId TEAM211 @ site 1
190324 193941.595|INFO|Thread-7|dumpPacket|   key: PROBLEM_LIST is: [Ledu.csus.ecs.pc2.core.model.Problem; [Ledu.csus.ecs.pc2.core.model.Problem;@5527ae
190324 194009.243|INFO|Thread-9|run|send(Serializable)
190324 194010.696|INFO|Thread-1|receive|public void receive(SealedObject TransportPacket, ConnectionHandlerID connectionHandlerID)
190324 194015.005|INFO|Thread-1|receive|public void receive(SealedObject TransportPacket, ConnectionHandlerID connectionHandlerID)
